# JRE version: OpenJDK Runtime Environment (8.0_242-b01) (build 1.8.0_242-release-1644-b01)
# Java VM: OpenJDK 64-Bit Server VM (25.242-b01 mixed mode windows-amd64 compressed oops)
Heap:
 PSYoungGen      total 665088K, used 446197K [0x00000000d5580000, 0x00000000fff80000, 0x0000000100000000)
  eden space 631296K, 68% used [0x00000000d5580000,0x00000000efc82bb8,0x00000000fbe00000)
  from space 33792K, 38% used [0x00000000fbe00000,0x00000000fcaba960,0x00000000fdf00000)
  to   space 32256K, 0% used [0x00000000fe000000,0x00000000fe000000,0x00000000fff80000)
 ParOldGen       total 170496K, used 54403K [0x0000000080000000, 0x000000008a680000, 0x00000000d5580000)
  object space 170496K, 31% used [0x0000000080000000,0x0000000083520f08,0x000000008a680000)
 Metaspace       used 95842K, capacity 101843K, committed 102232K, reserved 1138688K
  class space    used 12328K, capacity 13344K, committed 13440K, reserved 1048576K
GC Heap History (10 events):
Event: 535.888 GC heap before
{Heap before GC invocations=15 (full 3):
 PSYoungGen      total 529408K, used 518406K [0x00000000d5580000, 0x00000000fd900000, 0x0000000100000000)
  eden space 500224K, 100% used [0x00000000d5580000,0x00000000f3e00000,0x00000000f3e00000)
  from space 29184K, 62% used [0x00000000f3e00000,0x00000000f4fc1b08,0x00000000f5a80000)
  to   space 29696K, 0% used [0x00000000fbc00000,0x00000000fbc00000,0x00000000fd900000)
 ParOldGen       total 115200K, used 53701K [0x0000000080000000, 0x0000000087080000, 0x00000000d5580000)
  object space 115200K, 46% used [0x0000000080000000,0x0000000083471420,0x0000000087080000)
 Metaspace       used 91838K, capacity 97254K, committed 97368K, reserved 1134592K
  class space    used 12185K, capacity 13133K, committed 13184K, reserved 1048576K
Event: 536.795 GC heap after
Heap after GC invocations=15 (full 3):
 PSYoungGen      total 610816K, used 25397K [0x00000000d5580000, 0x00000000fd500000, 0x0000000100000000)
  eden space 585216K, 0% used [0x00000000d5580000,0x00000000d5580000,0x00000000f9100000)
  from space 25600K, 99% used [0x00000000fbc00000,0x00000000fd4cd5d0,0x00000000fd500000)
  to   space 32256K, 0% used [0x00000000f9600000,0x00000000f9600000,0x00000000fb580000)
 ParOldGen       total 115200K, used 53717K [0x0000000080000000, 0x0000000087080000, 0x00000000d5580000)
  object space 115200K, 46% used [0x0000000080000000,0x0000000083475420,0x0000000087080000)
 Metaspace       used 91838K, capacity 97254K, committed 97368K, reserved 1134592K
  class space    used 12185K, capacity 13133K, committed 13184K, reserved 1048576K
}
Event: 544.505 GC heap before
{Heap before GC invocations=16 (full 3):
 PSYoungGen      total 610816K, used 190082K [0x00000000d5580000, 0x00000000fd500000, 0x0000000100000000)
  eden space 585216K, 28% used [0x00000000d5580000,0x00000000df653318,0x00000000f9100000)
  from space 25600K, 99% used [0x00000000fbc00000,0x00000000fd4cd5d0,0x00000000fd500000)
  to   space 32256K, 0% used [0x00000000f9600000,0x00000000f9600000,0x00000000fb580000)
 ParOldGen       total 115200K, used 53717K [0x0000000080000000, 0x0000000087080000, 0x00000000d5580000)
  object space 115200K, 46% used [0x0000000080000000,0x0000000083475420,0x0000000087080000)
 Metaspace       used 92715K, capacity 98225K, committed 98280K, reserved 1134592K
  class space    used 12251K, capacity 13184K, committed 13184K, reserved 1048576K
Event: 544.590 GC heap after
Heap after GC invocations=16 (full 3):
 PSYoungGen      total 622592K, used 16055K [0x00000000d5580000, 0x0000000100000000, 0x0000000100000000)
  eden space 590336K, 0% used [0x00000000d5580000,0x00000000d5580000,0x00000000f9600000)
  from space 32256K, 49% used [0x00000000f9600000,0x00000000fa5add80,0x00000000fb580000)
  to   space 31232K, 0% used [0x00000000fe180000,0x00000000fe180000,0x0000000100000000)
 ParOldGen       total 115200K, used 53725K [0x0000000080000000, 0x0000000087080000, 0x00000000d5580000)
  object space 115200K, 46% used [0x0000000080000000,0x0000000083477420,0x0000000087080000)
 Metaspace       used 92715K, capacity 98225K, committed 98280K, reserved 1134592K
  class space    used 12251K, capacity 13184K, committed 13184K, reserved 1048576K
}
Event: 544.610 GC heap before
{Heap before GC invocations=17 (full 4):
 PSYoungGen      total 622592K, used 16055K [0x00000000d5580000, 0x0000000100000000, 0x0000000100000000)
  eden space 590336K, 0% used [0x00000000d5580000,0x00000000d5580000,0x00000000f9600000)
  from space 32256K, 49% used [0x00000000f9600000,0x00000000fa5add80,0x00000000fb580000)
  to   space 31232K, 0% used [0x00000000fe180000,0x00000000fe180000,0x0000000100000000)
 ParOldGen       total 115200K, used 53725K [0x0000000080000000, 0x0000000087080000, 0x00000000d5580000)
  object space 115200K, 46% used [0x0000000080000000,0x0000000083477420,0x0000000087080000)
 Metaspace       used 92715K, capacity 98225K, committed 98280K, reserved 1134592K
  class space    used 12251K, capacity 13184K, committed 13184K, reserved 1048576K
Event: 547.370 GC heap after
Heap after GC invocations=17 (full 4):
 PSYoungGen      total 622592K, used 0K [0x00000000d5580000, 0x0000000100000000, 0x0000000100000000)
  eden space 590336K, 0% used [0x00000000d5580000,0x00000000d5580000,0x00000000f9600000)
  from space 32256K, 0% used [0x00000000f9600000,0x00000000f9600000,0x00000000fb580000)
  to   space 31232K, 0% used [0x00000000fe180000,0x00000000fe180000,0x0000000100000000)
 ParOldGen       total 170496K, used 54387K [0x0000000080000000, 0x000000008a680000, 0x00000000d5580000)
  object space 170496K, 31% used [0x0000000080000000,0x000000008351cf08,0x000000008a680000)
 Metaspace       used 92397K, capacity 97321K, committed 98280K, reserved 1134592K
  class space    used 12147K, capacity 13000K, committed 13184K, reserved 1048576K
}
Event: 1692.559 GC heap before
{Heap before GC invocations=18 (full 4):
 PSYoungGen      total 622592K, used 590336K [0x00000000d5580000, 0x0000000100000000, 0x0000000100000000)
  eden space 590336K, 100% used [0x00000000d5580000,0x00000000f9600000,0x00000000f9600000)
  from space 32256K, 0% used [0x00000000f9600000,0x00000000f9600000,0x00000000fb580000)
  to   space 31232K, 0% used [0x00000000fe180000,0x00000000fe180000,0x0000000100000000)
 ParOldGen       total 170496K, used 54387K [0x0000000080000000, 0x000000008a680000, 0x00000000d5580000)
  object space 170496K, 31% used [0x0000000080000000,0x000000008351cf08,0x000000008a680000)
 Metaspace       used 94771K, capacity 100769K, committed 100952K, reserved 1136640K
  class space    used 12311K, capacity 13321K, committed 13440K, reserved 1048576K
Event: 1692.921 GC heap after
Heap after GC invocations=18 (full 4):
 PSYoungGen      total 662528K, used 25743K [0x00000000d5580000, 0x0000000100000000, 0x0000000100000000)
  eden space 631296K, 0% used [0x00000000d5580000,0x00000000d5580000,0x00000000fbe00000)
  from space 31232K, 82% used [0x00000000fe180000,0x00000000ffaa3e68,0x0000000100000000)
  to   space 33792K, 0% used [0x00000000fbe00000,0x00000000fbe00000,0x00000000fdf00000)
 ParOldGen       total 170496K, used 54395K [0x0000000080000000, 0x000000008a680000, 0x00000000d5580000)
  object space 170496K, 31% used [0x0000000080000000,0x000000008351ef08,0x000000008a680000)
 Metaspace       used 94771K, capacity 100769K, committed 100952K, reserved 1136640K
  class space    used 12311K, capacity 13321K, committed 13440K, reserved 1048576K
}
Event: 2576.617 GC heap before
{Heap before GC invocations=19 (full 4):
 PSYoungGen      total 662528K, used 657039K [0x00000000d5580000, 0x0000000100000000, 0x0000000100000000)
  eden space 631296K, 100% used [0x00000000d5580000,0x00000000fbe00000,0x00000000fbe00000)
  from space 31232K, 82% used [0x00000000fe180000,0x00000000ffaa3e68,0x0000000100000000)
  to   space 33792K, 0% used [0x00000000fbe00000,0x00000000fbe00000,0x00000000fdf00000)
 ParOldGen       total 170496K, used 54395K [0x0000000080000000, 0x000000008a680000, 0x00000000d5580000)
  object space 170496K, 31% used [0x0000000080000000,0x000000008351ef08,0x000000008a680000)
 Metaspace       used 95598K, capacity 101581K, committed 101976K, reserved 1138688K
  class space    used 12326K, capacity 13343K, committed 13440K, reserved 1048576K
Event: 2577.021 GC heap after
Heap after GC invocations=19 (full 4):
 PSYoungGen      total 665088K, used 13034K [0x00000000d5580000, 0x00000000fff80000, 0x0000000100000000)
  eden space 631296K, 0% used [0x00000000d5580000,0x00000000d5580000,0x00000000fbe00000)
  from space 33792K, 38% used [0x00000000fbe00000,0x00000000fcaba960,0x00000000fdf00000)
  to   space 32256K, 0% used [0x00000000fe000000,0x00000000fe000000,0x00000000fff80000)
 ParOldGen       total 170496K, used 54403K [0x0000000080000000, 0x000000008a680000, 0x00000000d5580000)
  object space 170496K, 31% used [0x0000000080000000,0x0000000083520f08,0x000000008a680000)
 Metaspace       used 95598K, capacity 101581K, committed 101976K, reserved 1138688K
  class space    used 12326K, capacity 13343K, committed 13440K, reserved 1048576K
}

